<acceptance-test-run title="Looking up the definition of &apos;apple&apos;" name="Looking up the definition of &apos;apple&apos;" steps="4" successful="2" failures="0" errors="1" skipped="1" ignored="0" pending="0" annotated-result="ERROR" result="ERROR" duration="61116" timestamp="2017-02-06T21:29:23.400-05:00" session-id="30abee4d-0917-4c47-9689-3ba1d1161fe5">
  <user-story id="LookupADefinition" name="Lookup a definition" path="stories/consult_dictionary/LookupADefinition.story"/>
  <tags>
    <tag name="Consult dictionary" type="feature"/>
    <tag name="Consult dictionary/Lookup a definition" type="story"/>
    <tag name="Lookup a definition" type="story"/>
  </tags>
  <test-group name="Given the user is on the Wikionary home page" result="SUCCESS">
    <screenshots>
      <screenshot image="2a9b1a033bc786b61232b13b9542b251.png"/>
    </screenshots>
    <test-step result="SUCCESS" duration="48579">
      <screenshots>
        <screenshot image="9a0f815034baac313ab387ed90f766a0.png"/>
      </screenshots>
      <description>Is the home page</description>
    </test-step>
  </test-group>
  <test-group name="When the user looks up the definition of the word &apos;apple&apos;" result="ERROR">
    <screenshots>
      <screenshot image="4926a91a4c4a1629a32525ce3dbbc174.png"/>
    </screenshots>
    <test-group name="Looks for: apple" result="ERROR">
      <screenshots>
        <screenshot image="2a9b1a033bc786b61232b13b9542b251.png"/>
      </screenshots>
      <test-step result="SUCCESS" duration="1787">
        <screenshots>
          <screenshot image="80ae39dee1458ed447effc76b279ae92.png"/>
        </screenshots>
        <description>Enters: apple</description>
      </test-step>
      <test-step result="ERROR" duration="4517">
        <screenshots>
          <screenshot image="6b917488e9cdbc6d9a1a8251ec3b4be6.png"/>
          <screenshot image="6b917488e9cdbc6d9a1a8251ec3b4be6.png" source="pagesource3592634156056227455.html.txt"/>
        </screenshots>
        <description>Starts search</description>
        <error>org.openqa.selenium.ElementNotVisibleException: Timed out after 2 seconds. Element not available
Build info: version: &apos;2.53.1&apos;, revision: &apos;a36b8b1cd5757287168e54b817830adce9b0158d&apos;, time: &apos;2016-06-30 19:26:09&apos;
System info: host: &apos;DESKTOP-H13F29S&apos;, ip: &apos;10.0.0.189&apos;, os.name: &apos;Windows 10&apos;, os.arch: &apos;amd64&apos;, os.version: &apos;10.0&apos;, java.version: &apos;1.8.0_111&apos;
Driver info: driver.version: unknown</error>
        <exception>org.openqa.selenium.ElementNotVisibleException:Timed out after 2 seconds. Element not available
Build info: version: &apos;2.53.1&apos;, revision: &apos;a36b8b1cd5757287168e54b817830adce9b0158d&apos;, time: &apos;2016-06-30 19:26:09&apos;
System info: host: &apos;DESKTOP-H13F29S&apos;, ip: &apos;10.0.0.189&apos;, os.name: &apos;Windows 10&apos;, os.arch: &apos;amd64&apos;, os.version: &apos;10.0&apos;, java.version: &apos;1.8.0_111&apos;
Driver info: driver.version: unknown&#xd;
[ipsoft.com.qaTest.pages.DictionaryPage.lookup_terms(DictionaryPage.java:30), ipsoft.com.qaTest.steps.serenity.EndUserSteps.starts_search(EndUserSteps.java:22), ipsoft.com.qaTest.steps.serenity.EndUserSteps.looks_for(EndUserSteps.java:38), ipsoft.com.qaTest.steps.DefinitionSteps.whenTheUserLooksUpTheDefinitionOf(DefinitionSteps.java:22)]</exception>
      </test-step>
    </test-group>
  </test-group>
  <test-step result="SKIPPED" duration="2">
    <description>Then they should see the definition &apos;A common, round fruit produced by the tree Malus domestica, cultivated in temperate climates.&apos;</description>
  </test-step>
</acceptance-test-run>